<?xml version="1.0" encoding="UTF-8"?>
<testng-results skipped="0" failed="0" total="1" passed="1">
  <reporter-output>
  </reporter-output>
  <suite name="Default suite" duration-ms="45182" started-at="2017-07-09T13:14:50Z" finished-at="2017-07-09T13:15:35Z">
    <groups>
    </groups>
    <test name="Default test" duration-ms="45182" started-at="2017-07-09T13:14:50Z" finished-at="2017-07-09T13:15:35Z">
      <class name="Taoche.Wap.TestScripts.SecllCarPage_Test">
        <test-method status="PASS" signature="beforeMethod()[pri:0, instance:Taoche.Wap.TestScripts.SecllCarPage_Test@488d6877]" name="beforeMethod" is-config="true" duration-ms="7206" started-at="2017-07-09T21:14:50Z" finished-at="2017-07-09T21:14:57Z">
          <reporter-output>
          </reporter-output>
        </test-method> <!-- beforeMethod -->
        <test-method status="PASS" signature="MCreateCar()[pri:0, instance:Taoche.Wap.TestScripts.SecllCarPage_Test@488d6877]" name="MCreateCar" duration-ms="37629" started-at="2017-07-09T21:14:57Z" finished-at="2017-07-09T21:15:35Z">
          <reporter-output>
          </reporter-output>
        </test-method> <!-- MCreateCar -->
        <test-method status="PASS" signature="afterMethod()[pri:0, instance:Taoche.Wap.TestScripts.SecllCarPage_Test@488d6877]" name="afterMethod" is-config="true" duration-ms="328" started-at="2017-07-09T21:15:35Z" finished-at="2017-07-09T21:15:35Z">
          <reporter-output>
          </reporter-output>
        </test-method> <!-- afterMethod -->
      </class> <!-- Taoche.Wap.TestScripts.SecllCarPage_Test -->
    </test> <!-- Default test -->
  </suite> <!-- Default suite -->
</testng-results>
